c:\users\qba\documents\studia magisterskie\semestr_2\pusn\symulatorfrezarki3c\src\debug\vc120.pdb
c:\users\qba\documents\studia magisterskie\semestr_2\pusn\symulatorfrezarki3c\src\debug\vc120.idb
c:\users\qba\documents\studia magisterskie\semestr_2\pusn\symulatorfrezarki3c\src\debug\pusn_camera.obj
c:\users\qba\documents\studia magisterskie\semestr_2\pusn\symulatorfrezarki3c\src\debug\pusn_constantbuffer.obj
c:\users\qba\documents\studia magisterskie\semestr_2\pusn\symulatorfrezarki3c\src\debug\pusn_coordinatesystem.obj
c:\users\qba\documents\studia magisterskie\semestr_2\pusn\symulatorfrezarki3c\src\debug\pusn_devicehelper.obj
c:\users\qba\documents\studia magisterskie\semestr_2\pusn\symulatorfrezarki3c\src\debug\pusn_effectbase.obj
c:\users\qba\documents\studia magisterskie\semestr_2\pusn\symulatorfrezarki3c\src\debug\pusn_exceptions.obj
c:\users\qba\documents\studia magisterskie\semestr_2\pusn\symulatorfrezarki3c\src\debug\pusn_input.obj
c:\users\qba\documents\studia magisterskie\semestr_2\pusn\symulatorfrezarki3c\src\debug\pusn_lightshadoweffect.obj
c:\users\qba\documents\studia magisterskie\semestr_2\pusn\symulatorfrezarki3c\src\debug\pusn_particles.obj
c:\users\qba\documents\studia magisterskie\semestr_2\pusn\symulatorfrezarki3c\src\debug\pusn_phongeffect.obj
c:\users\qba\documents\studia magisterskie\semestr_2\pusn\symulatorfrezarki3c\src\debug\pusn_utils.obj
c:\users\qba\documents\studia magisterskie\semestr_2\pusn\symulatorfrezarki3c\src\debug\pusn_vertices.obj
c:\users\qba\documents\studia magisterskie\semestr_2\pusn\symulatorfrezarki3c\src\debug\pusn_window.obj
c:\users\qba\documents\studia magisterskie\semestr_2\pusn\symulatorfrezarki3c\src\debug\pusn_heightmap.obj
c:\users\qba\documents\studia magisterskie\semestr_2\pusn\symulatorfrezarki3c\src\debug\pusn_miller.obj
c:\users\qba\documents\studia magisterskie\semestr_2\pusn\symulatorfrezarki3c\src\debug\pusn_modelclass.obj
c:\users\qba\documents\studia magisterskie\semestr_2\pusn\symulatorfrezarki3c\src\debug\pusn_service.obj
c:\users\qba\documents\studia magisterskie\semestr_2\pusn\symulatorfrezarki3c\src\debug\pusn_filereader.obj
c:\users\qba\documents\studia magisterskie\semestr_2\pusn\symulatorfrezarki3c\src\debug\pusn_applicationbase.obj
c:\users\qba\documents\studia magisterskie\semestr_2\pusn\symulatorfrezarki3c\src\debug\pusn_butterfly.obj
c:\users\qba\documents\studia magisterskie\semestr_2\pusn\symulatorfrezarki3c\src\debug\pusn_menu.obj
c:\users\qba\documents\studia magisterskie\semestr_2\pusn\symulatorfrezarki3c\src\debug\pusn_scene.obj
c:\users\qba\documents\studia magisterskie\semestr_2\pusn\symulatorfrezarki3c\src\debug\pusn_main.obj
c:\users\qba\documents\studia magisterskie\semestr_2\pusn\symulatorfrezarki3c\src\debug\symulatorfrezarki.vcxprojresolveassemblyreference.cache
c:\users\qba\documents\studia magisterskie\semestr_2\pusn\symulatorfrezarki3c\debug\symulatorfrezarki.pdb
c:\users\qba\documents\studia magisterskie\semestr_2\pusn\symulatorfrezarki3c\src\debug\symulato.464c6a5c.tlog\cl.command.1.tlog
c:\users\qba\documents\studia magisterskie\semestr_2\pusn\symulatorfrezarki3c\src\debug\symulato.464c6a5c.tlog\cl.read.1.tlog
c:\users\qba\documents\studia magisterskie\semestr_2\pusn\symulatorfrezarki3c\src\debug\symulato.464c6a5c.tlog\cl.write.1.tlog
c:\users\qba\documents\studia magisterskie\semestr_2\pusn\symulatorfrezarki3c\src\debug\symulato.464c6a5c.tlog\link-cvtres.read.1.tlog
c:\users\qba\documents\studia magisterskie\semestr_2\pusn\symulatorfrezarki3c\src\debug\symulato.464c6a5c.tlog\link-cvtres.write.1.tlog
c:\users\qba\documents\studia magisterskie\semestr_2\pusn\symulatorfrezarki3c\src\debug\symulato.464c6a5c.tlog\link-rc.read.1.tlog
c:\users\qba\documents\studia magisterskie\semestr_2\pusn\symulatorfrezarki3c\src\debug\symulato.464c6a5c.tlog\link-rc.write.1.tlog
c:\users\qba\documents\studia magisterskie\semestr_2\pusn\symulatorfrezarki3c\src\debug\symulato.464c6a5c.tlog\link.12612-cvtres.read.1.tlog
c:\users\qba\documents\studia magisterskie\semestr_2\pusn\symulatorfrezarki3c\src\debug\symulato.464c6a5c.tlog\link.12612-cvtres.write.1.tlog
c:\users\qba\documents\studia magisterskie\semestr_2\pusn\symulatorfrezarki3c\src\debug\symulato.464c6a5c.tlog\link.12612-rc.read.1.tlog
c:\users\qba\documents\studia magisterskie\semestr_2\pusn\symulatorfrezarki3c\src\debug\symulato.464c6a5c.tlog\link.12612-rc.write.1.tlog
c:\users\qba\documents\studia magisterskie\semestr_2\pusn\symulatorfrezarki3c\src\debug\symulato.464c6a5c.tlog\link.12612.read.1.tlog
c:\users\qba\documents\studia magisterskie\semestr_2\pusn\symulatorfrezarki3c\src\debug\symulato.464c6a5c.tlog\link.12612.write.1.tlog
c:\users\qba\documents\studia magisterskie\semestr_2\pusn\symulatorfrezarki3c\src\debug\symulato.464c6a5c.tlog\link.command.1.tlog
c:\users\qba\documents\studia magisterskie\semestr_2\pusn\symulatorfrezarki3c\src\debug\symulato.464c6a5c.tlog\link.read.1.tlog
c:\users\qba\documents\studia magisterskie\semestr_2\pusn\symulatorfrezarki3c\src\debug\symulato.464c6a5c.tlog\link.write.1.tlog
