c:\users\qba\documents\studia magisterskie\semestr_2\pusn\symulatorfrezarki3c\src\release\vc120.pdb
c:\users\qba\documents\studia magisterskie\semestr_2\pusn\symulatorfrezarki3c\src\release\gk2_vertices.obj
c:\users\qba\documents\studia magisterskie\semestr_2\pusn\symulatorfrezarki3c\src\release\gk2_utils.obj
c:\users\qba\documents\studia magisterskie\semestr_2\pusn\symulatorfrezarki3c\src\release\gk2_phongeffect.obj
c:\users\qba\documents\studia magisterskie\semestr_2\pusn\symulatorfrezarki3c\src\release\gk2_particles.obj
c:\users\qba\documents\studia magisterskie\semestr_2\pusn\symulatorfrezarki3c\src\release\gk2_lightshadoweffect.obj
c:\users\qba\documents\studia magisterskie\semestr_2\pusn\symulatorfrezarki3c\src\release\gk2_input.obj
c:\users\qba\documents\studia magisterskie\semestr_2\pusn\symulatorfrezarki3c\src\release\gk2_exceptions.obj
c:\users\qba\documents\studia magisterskie\semestr_2\pusn\symulatorfrezarki3c\src\release\gk2_effectbase.obj
c:\users\qba\documents\studia magisterskie\semestr_2\pusn\symulatorfrezarki3c\src\release\gk2_devicehelper.obj
c:\users\qba\documents\studia magisterskie\semestr_2\pusn\symulatorfrezarki3c\src\release\gk2_constantbuffer.obj
c:\users\qba\documents\studia magisterskie\semestr_2\pusn\symulatorfrezarki3c\src\release\gk2_camera.obj
c:\users\qba\documents\studia magisterskie\semestr_2\pusn\symulatorfrezarki3c\src\release\miller.obj
c:\users\qba\documents\studia magisterskie\semestr_2\pusn\symulatorfrezarki3c\src\release\main.obj
c:\users\qba\documents\studia magisterskie\semestr_2\pusn\symulatorfrezarki3c\src\release\heightmap.obj
c:\users\qba\documents\studia magisterskie\semestr_2\pusn\symulatorfrezarki3c\src\release\gk2_window.obj
c:\users\qba\documents\studia magisterskie\semestr_2\pusn\symulatorfrezarki3c\src\release\gk2_scene.obj
c:\users\qba\documents\studia magisterskie\semestr_2\pusn\symulatorfrezarki3c\src\release\gk2_coordinatesystem.obj
c:\users\qba\documents\studia magisterskie\semestr_2\pusn\symulatorfrezarki3c\src\release\gk2_butterfly.obj
c:\users\qba\documents\studia magisterskie\semestr_2\pusn\symulatorfrezarki3c\src\release\gk2_applicationbase.obj
c:\users\qba\documents\studia magisterskie\semestr_2\pusn\symulatorfrezarki3c\src\release\filereader.obj
c:\users\qba\documents\studia magisterskie\semestr_2\pusn\symulatorfrezarki3c\src\release\service.obj
c:\users\qba\documents\studia magisterskie\semestr_2\pusn\symulatorfrezarki3c\src\release\modelclass.obj
c:\users\qba\documents\studia magisterskie\semestr_2\pusn\symulatorfrezarki3c\release\symulatorfrezarki.exe
c:\users\qba\documents\studia magisterskie\semestr_2\pusn\symulatorfrezarki3c\release\symulatorfrezarki.pdb
c:\users\qba\documents\studia magisterskie\semestr_2\pusn\symulatorfrezarki3c\src\release\symulato.464c6a5c.tlog\cl.command.1.tlog
c:\users\qba\documents\studia magisterskie\semestr_2\pusn\symulatorfrezarki3c\src\release\symulato.464c6a5c.tlog\cl.read.1.tlog
c:\users\qba\documents\studia magisterskie\semestr_2\pusn\symulatorfrezarki3c\src\release\symulato.464c6a5c.tlog\cl.write.1.tlog
c:\users\qba\documents\studia magisterskie\semestr_2\pusn\symulatorfrezarki3c\src\release\symulato.464c6a5c.tlog\fxc.command.1.tlog
c:\users\qba\documents\studia magisterskie\semestr_2\pusn\symulatorfrezarki3c\src\release\symulato.464c6a5c.tlog\fxc.read.1.tlog
c:\users\qba\documents\studia magisterskie\semestr_2\pusn\symulatorfrezarki3c\src\release\symulato.464c6a5c.tlog\fxc.write.1.tlog
c:\users\qba\documents\studia magisterskie\semestr_2\pusn\symulatorfrezarki3c\src\release\symulato.464c6a5c.tlog\link.command.1.tlog
c:\users\qba\documents\studia magisterskie\semestr_2\pusn\symulatorfrezarki3c\src\release\symulato.464c6a5c.tlog\link.read.1.tlog
c:\users\qba\documents\studia magisterskie\semestr_2\pusn\symulatorfrezarki3c\src\release\symulato.464c6a5c.tlog\link.write.1.tlog
