Build started 2015-10-31 23:51:22.
     1>Project "C:\Users\Qba\Documents\Studia magisterskie\semestr_2\PUSN\SymulatorFrezarki3C\src\SymulatorFrezarki.vcxproj" on node 2 (Build target(s)).
     1>ClCompile:
         C:\Program Files (x86)\Microsoft Visual Studio 12.0\VC\bin\CL.exe /c /I"C:\Program Files (x86)\Microsoft DirectX SDK (June 2010)\Include" /I../ven/AntTweakBar/include /Zi /nologo /W3 /WX- /O2 /Oi /Oy- /GL /D _UNICODE /D UNICODE /Gm- /EHsc /MD /GS /Gy /fp:precise /Zc:wchar_t /Zc:forScope /Fo"Release\\" /Fd"Release\vc120.pdb" /Gd /TP /analyze- /errorReport:prompt gk2_scene.cpp main.cpp
         gk2_scene.cpp
     1>c:\program files (x86)\microsoft directx sdk (june 2010)\include\dxgitype.h(12): warning C4005: 'DXGI_STATUS_OCCLUDED' : macro redefinition
                 C:\Program Files (x86)\Windows Kits\8.1\Include\shared\winerror.h(50092) : see previous definition of 'DXGI_STATUS_OCCLUDED'
     1>c:\program files (x86)\microsoft directx sdk (june 2010)\include\dxgitype.h(13): warning C4005: 'DXGI_STATUS_CLIPPED' : macro redefinition
                 C:\Program Files (x86)\Windows Kits\8.1\Include\shared\winerror.h(50101) : see previous definition of 'DXGI_STATUS_CLIPPED'
     1>c:\program files (x86)\microsoft directx sdk (june 2010)\include\dxgitype.h(14): warning C4005: 'DXGI_STATUS_NO_REDIRECTION' : macro redefinition
                 C:\Program Files (x86)\Windows Kits\8.1\Include\shared\winerror.h(50110) : see previous definition of 'DXGI_STATUS_NO_REDIRECTION'
     1>c:\program files (x86)\microsoft directx sdk (june 2010)\include\dxgitype.h(15): warning C4005: 'DXGI_STATUS_NO_DESKTOP_ACCESS' : macro redefinition
                 C:\Program Files (x86)\Windows Kits\8.1\Include\shared\winerror.h(50119) : see previous definition of 'DXGI_STATUS_NO_DESKTOP_ACCESS'
     1>c:\program files (x86)\microsoft directx sdk (june 2010)\include\dxgitype.h(16): warning C4005: 'DXGI_STATUS_GRAPHICS_VIDPN_SOURCE_IN_USE' : macro redefinition
                 C:\Program Files (x86)\Windows Kits\8.1\Include\shared\winerror.h(50128) : see previous definition of 'DXGI_STATUS_GRAPHICS_VIDPN_SOURCE_IN_USE'
     1>c:\program files (x86)\microsoft directx sdk (june 2010)\include\dxgitype.h(17): warning C4005: 'DXGI_STATUS_MODE_CHANGED' : macro redefinition
                 C:\Program Files (x86)\Windows Kits\8.1\Include\shared\winerror.h(50137) : see previous definition of 'DXGI_STATUS_MODE_CHANGED'
     1>c:\program files (x86)\microsoft directx sdk (june 2010)\include\dxgitype.h(18): warning C4005: 'DXGI_STATUS_MODE_CHANGE_IN_PROGRESS' : macro redefinition
                 C:\Program Files (x86)\Windows Kits\8.1\Include\shared\winerror.h(50146) : see previous definition of 'DXGI_STATUS_MODE_CHANGE_IN_PROGRESS'
     1>c:\program files (x86)\microsoft directx sdk (june 2010)\include\dxgitype.h(21): warning C4005: 'DXGI_ERROR_INVALID_CALL' : macro redefinition
                 C:\Program Files (x86)\Windows Kits\8.1\Include\shared\winerror.h(50161) : see previous definition of 'DXGI_ERROR_INVALID_CALL'
     1>c:\program files (x86)\microsoft directx sdk (june 2010)\include\dxgitype.h(22): warning C4005: 'DXGI_ERROR_NOT_FOUND' : macro redefinition
                 C:\Program Files (x86)\Windows Kits\8.1\Include\shared\winerror.h(50170) : see previous definition of 'DXGI_ERROR_NOT_FOUND'
     1>c:\program files (x86)\microsoft directx sdk (june 2010)\include\dxgitype.h(23): warning C4005: 'DXGI_ERROR_MORE_DATA' : macro redefinition
                 C:\Program Files (x86)\Windows Kits\8.1\Include\shared\winerror.h(50179) : see previous definition of 'DXGI_ERROR_MORE_DATA'
     1>c:\program files (x86)\microsoft directx sdk (june 2010)\include\dxgitype.h(24): warning C4005: 'DXGI_ERROR_UNSUPPORTED' : macro redefinition
                 C:\Program Files (x86)\Windows Kits\8.1\Include\shared\winerror.h(50188) : see previous definition of 'DXGI_ERROR_UNSUPPORTED'
     1>c:\program files (x86)\microsoft directx sdk (june 2010)\include\dxgitype.h(25): warning C4005: 'DXGI_ERROR_DEVICE_REMOVED' : macro redefinition
                 C:\Program Files (x86)\Windows Kits\8.1\Include\shared\winerror.h(50197) : see previous definition of 'DXGI_ERROR_DEVICE_REMOVED'
     1>c:\program files (x86)\microsoft directx sdk (june 2010)\include\dxgitype.h(26): warning C4005: 'DXGI_ERROR_DEVICE_HUNG' : macro redefinition
                 C:\Program Files (x86)\Windows Kits\8.1\Include\shared\winerror.h(50206) : see previous definition of 'DXGI_ERROR_DEVICE_HUNG'
     1>c:\program files (x86)\microsoft directx sdk (june 2010)\include\dxgitype.h(27): warning C4005: 'DXGI_ERROR_DEVICE_RESET' : macro redefinition
                 C:\Program Files (x86)\Windows Kits\8.1\Include\shared\winerror.h(50216) : see previous definition of 'DXGI_ERROR_DEVICE_RESET'
     1>c:\program files (x86)\microsoft directx sdk (june 2010)\include\dxgitype.h(28): warning C4005: 'DXGI_ERROR_WAS_STILL_DRAWING' : macro redefinition
                 C:\Program Files (x86)\Windows Kits\8.1\Include\shared\winerror.h(50225) : see previous definition of 'DXGI_ERROR_WAS_STILL_DRAWING'
     1>c:\program files (x86)\microsoft directx sdk (june 2010)\include\dxgitype.h(29): warning C4005: 'DXGI_ERROR_FRAME_STATISTICS_DISJOINT' : macro redefinition
                 C:\Program Files (x86)\Windows Kits\8.1\Include\shared\winerror.h(50235) : see previous definition of 'DXGI_ERROR_FRAME_STATISTICS_DISJOINT'
     1>c:\program files (x86)\microsoft directx sdk (june 2010)\include\dxgitype.h(30): warning C4005: 'DXGI_ERROR_GRAPHICS_VIDPN_SOURCE_IN_USE' : macro redefinition
                 C:\Program Files (x86)\Windows Kits\8.1\Include\shared\winerror.h(50244) : see previous definition of 'DXGI_ERROR_GRAPHICS_VIDPN_SOURCE_IN_USE'
     1>c:\program files (x86)\microsoft directx sdk (june 2010)\include\dxgitype.h(31): warning C4005: 'DXGI_ERROR_DRIVER_INTERNAL_ERROR' : macro redefinition
                 C:\Program Files (x86)\Windows Kits\8.1\Include\shared\winerror.h(50254) : see previous definition of 'DXGI_ERROR_DRIVER_INTERNAL_ERROR'
     1>c:\program files (x86)\microsoft directx sdk (june 2010)\include\dxgitype.h(32): warning C4005: 'DXGI_ERROR_NONEXCLUSIVE' : macro redefinition
                 C:\Program Files (x86)\Windows Kits\8.1\Include\shared\winerror.h(50263) : see previous definition of 'DXGI_ERROR_NONEXCLUSIVE'
     1>c:\program files (x86)\microsoft directx sdk (june 2010)\include\dxgitype.h(33): warning C4005: 'DXGI_ERROR_NOT_CURRENTLY_AVAILABLE' : macro redefinition
                 C:\Program Files (x86)\Windows Kits\8.1\Include\shared\winerror.h(50272) : see previous definition of 'DXGI_ERROR_NOT_CURRENTLY_AVAILABLE'
     1>c:\program files (x86)\microsoft directx sdk (june 2010)\include\dxgitype.h(34): warning C4005: 'DXGI_ERROR_REMOTE_CLIENT_DISCONNECTED' : macro redefinition
                 C:\Program Files (x86)\Windows Kits\8.1\Include\shared\winerror.h(50282) : see previous definition of 'DXGI_ERROR_REMOTE_CLIENT_DISCONNECTED'
     1>c:\program files (x86)\microsoft directx sdk (june 2010)\include\dxgitype.h(35): warning C4005: 'DXGI_ERROR_REMOTE_OUTOFMEMORY' : macro redefinition
                 C:\Program Files (x86)\Windows Kits\8.1\Include\shared\winerror.h(50291) : see previous definition of 'DXGI_ERROR_REMOTE_OUTOFMEMORY'
     1>C:\Program Files (x86)\Microsoft DirectX SDK (June 2010)\Include\d3d11.h(917): warning C4005: 'D3D11_ERROR_TOO_MANY_UNIQUE_STATE_OBJECTS' : macro redefinition
                 C:\Program Files (x86)\Windows Kits\8.1\Include\shared\winerror.h(50469) : see previous definition of 'D3D11_ERROR_TOO_MANY_UNIQUE_STATE_OBJECTS'
     1>C:\Program Files (x86)\Microsoft DirectX SDK (June 2010)\Include\d3d11.h(918): warning C4005: 'D3D11_ERROR_FILE_NOT_FOUND' : macro redefinition
                 C:\Program Files (x86)\Windows Kits\8.1\Include\shared\winerror.h(50478) : see previous definition of 'D3D11_ERROR_FILE_NOT_FOUND'
     1>C:\Program Files (x86)\Microsoft DirectX SDK (June 2010)\Include\d3d11.h(919): warning C4005: 'D3D11_ERROR_TOO_MANY_UNIQUE_VIEW_OBJECTS' : macro redefinition
                 C:\Program Files (x86)\Windows Kits\8.1\Include\shared\winerror.h(50488) : see previous definition of 'D3D11_ERROR_TOO_MANY_UNIQUE_VIEW_OBJECTS'
     1>C:\Program Files (x86)\Microsoft DirectX SDK (June 2010)\Include\d3d11.h(920): warning C4005: 'D3D11_ERROR_DEFERRED_CONTEXT_MAP_WITHOUT_INITIAL_DISCARD' : macro redefinition
                 C:\Program Files (x86)\Windows Kits\8.1\Include\shared\winerror.h(50497) : see previous definition of 'D3D11_ERROR_DEFERRED_CONTEXT_MAP_WITHOUT_INITIAL_DISCARD'
     1>c:\program files (x86)\microsoft directx sdk (june 2010)\include\d3d10.h(608): warning C4005: 'D3D10_ERROR_TOO_MANY_UNIQUE_STATE_OBJECTS' : macro redefinition
                 C:\Program Files (x86)\Windows Kits\8.1\Include\shared\winerror.h(50445) : see previous definition of 'D3D10_ERROR_TOO_MANY_UNIQUE_STATE_OBJECTS'
     1>c:\program files (x86)\microsoft directx sdk (june 2010)\include\d3d10.h(609): warning C4005: 'D3D10_ERROR_FILE_NOT_FOUND' : macro redefinition
                 C:\Program Files (x86)\Windows Kits\8.1\Include\shared\winerror.h(50454) : see previous definition of 'D3D10_ERROR_FILE_NOT_FOUND'
         C:\Program Files (x86)\Microsoft DirectX SDK (June 2010)\Include\dinput.h: DIRECTINPUT_VERSION undefined. Defaulting to version 0x0800
     1>c:\users\qba\documents\studia magisterskie\semestr_2\pusn\symulatorfrezarki3c\src\heightMap.h(42): warning C4305: 'initializing' : truncation from 'double' to 'float'
     1>c:\users\qba\documents\studia magisterskie\semestr_2\pusn\symulatorfrezarki3c\src\gk2_scene.h(102): warning C4244: 'argument' : conversion from 'double' to 'FLOAT', possible loss of data
     1>gk2_scene.cpp(251): warning C4244: 'argument' : conversion from 'double' to 'FLOAT', possible loss of data
     1>gk2_scene.cpp(252): warning C4244: 'argument' : conversion from 'double' to 'FLOAT', possible loss of data
     1>gk2_scene.cpp(409): warning C4244: 'argument' : conversion from 'double' to 'FLOAT', possible loss of data
     1>gk2_scene.cpp(486): warning C4244: '=' : conversion from 'int' to 'float', possible loss of data
     1>gk2_scene.cpp(496): warning C4244: '=' : conversion from 'int' to 'float', possible loss of data
     1>gk2_scene.cpp(506): warning C4244: '=' : conversion from 'int' to 'float', possible loss of data
     1>gk2_scene.cpp(632): warning C4316: 'gk2::CoordinateSystem' : object allocated on the heap may not be aligned 16
     1>gk2_scene.cpp(633): warning C4316: 'gk2::Miller' : object allocated on the heap may not be aligned 16
     1>gk2_scene.cpp(641): warning C4305: 'argument' : truncation from 'double' to 'float'
     1>gk2_scene.cpp(649): warning C4244: '=' : conversion from 'float' to 'int', possible loss of data
     1>gk2_scene.cpp(650): warning C4244: '=' : conversion from 'float' to 'int', possible loss of data
     1>gk2_scene.cpp(651): warning C4244: '=' : conversion from 'float' to 'int', possible loss of data
     1>gk2_scene.cpp(856): warning C4305: 'argument' : truncation from 'double' to 'FLOAT'
     1>gk2_scene.cpp(1032): warning C4018: '>=' : signed/unsigned mismatch
     1>gk2_scene.cpp(1056): warning C4244: 'argument' : conversion from 'int' to 'FLOAT', possible loss of data
     1>gk2_scene.cpp(1197): warning C4018: '<' : signed/unsigned mismatch
     1>gk2_scene.cpp(1259): warning C4018: '<' : signed/unsigned mismatch
         main.cpp
     1>c:\program files (x86)\microsoft directx sdk (june 2010)\include\dxgitype.h(12): warning C4005: 'DXGI_STATUS_OCCLUDED' : macro redefinition
                 C:\Program Files (x86)\Windows Kits\8.1\Include\shared\winerror.h(50092) : see previous definition of 'DXGI_STATUS_OCCLUDED'
     1>c:\program files (x86)\microsoft directx sdk (june 2010)\include\dxgitype.h(13): warning C4005: 'DXGI_STATUS_CLIPPED' : macro redefinition
                 C:\Program Files (x86)\Windows Kits\8.1\Include\shared\winerror.h(50101) : see previous definition of 'DXGI_STATUS_CLIPPED'
     1>c:\program files (x86)\microsoft directx sdk (june 2010)\include\dxgitype.h(14): warning C4005: 'DXGI_STATUS_NO_REDIRECTION' : macro redefinition
                 C:\Program Files (x86)\Windows Kits\8.1\Include\shared\winerror.h(50110) : see previous definition of 'DXGI_STATUS_NO_REDIRECTION'
     1>c:\program files (x86)\microsoft directx sdk (june 2010)\include\dxgitype.h(15): warning C4005: 'DXGI_STATUS_NO_DESKTOP_ACCESS' : macro redefinition
                 C:\Program Files (x86)\Windows Kits\8.1\Include\shared\winerror.h(50119) : see previous definition of 'DXGI_STATUS_NO_DESKTOP_ACCESS'
     1>c:\program files (x86)\microsoft directx sdk (june 2010)\include\dxgitype.h(16): warning C4005: 'DXGI_STATUS_GRAPHICS_VIDPN_SOURCE_IN_USE' : macro redefinition
                 C:\Program Files (x86)\Windows Kits\8.1\Include\shared\winerror.h(50128) : see previous definition of 'DXGI_STATUS_GRAPHICS_VIDPN_SOURCE_IN_USE'
     1>c:\program files (x86)\microsoft directx sdk (june 2010)\include\dxgitype.h(17): warning C4005: 'DXGI_STATUS_MODE_CHANGED' : macro redefinition
                 C:\Program Files (x86)\Windows Kits\8.1\Include\shared\winerror.h(50137) : see previous definition of 'DXGI_STATUS_MODE_CHANGED'
     1>c:\program files (x86)\microsoft directx sdk (june 2010)\include\dxgitype.h(18): warning C4005: 'DXGI_STATUS_MODE_CHANGE_IN_PROGRESS' : macro redefinition
                 C:\Program Files (x86)\Windows Kits\8.1\Include\shared\winerror.h(50146) : see previous definition of 'DXGI_STATUS_MODE_CHANGE_IN_PROGRESS'
     1>c:\program files (x86)\microsoft directx sdk (june 2010)\include\dxgitype.h(21): warning C4005: 'DXGI_ERROR_INVALID_CALL' : macro redefinition
                 C:\Program Files (x86)\Windows Kits\8.1\Include\shared\winerror.h(50161) : see previous definition of 'DXGI_ERROR_INVALID_CALL'
     1>c:\program files (x86)\microsoft directx sdk (june 2010)\include\dxgitype.h(22): warning C4005: 'DXGI_ERROR_NOT_FOUND' : macro redefinition
                 C:\Program Files (x86)\Windows Kits\8.1\Include\shared\winerror.h(50170) : see previous definition of 'DXGI_ERROR_NOT_FOUND'
     1>c:\program files (x86)\microsoft directx sdk (june 2010)\include\dxgitype.h(23): warning C4005: 'DXGI_ERROR_MORE_DATA' : macro redefinition
                 C:\Program Files (x86)\Windows Kits\8.1\Include\shared\winerror.h(50179) : see previous definition of 'DXGI_ERROR_MORE_DATA'
     1>c:\program files (x86)\microsoft directx sdk (june 2010)\include\dxgitype.h(24): warning C4005: 'DXGI_ERROR_UNSUPPORTED' : macro redefinition
                 C:\Program Files (x86)\Windows Kits\8.1\Include\shared\winerror.h(50188) : see previous definition of 'DXGI_ERROR_UNSUPPORTED'
     1>c:\program files (x86)\microsoft directx sdk (june 2010)\include\dxgitype.h(25): warning C4005: 'DXGI_ERROR_DEVICE_REMOVED' : macro redefinition
                 C:\Program Files (x86)\Windows Kits\8.1\Include\shared\winerror.h(50197) : see previous definition of 'DXGI_ERROR_DEVICE_REMOVED'
     1>c:\program files (x86)\microsoft directx sdk (june 2010)\include\dxgitype.h(26): warning C4005: 'DXGI_ERROR_DEVICE_HUNG' : macro redefinition
                 C:\Program Files (x86)\Windows Kits\8.1\Include\shared\winerror.h(50206) : see previous definition of 'DXGI_ERROR_DEVICE_HUNG'
     1>c:\program files (x86)\microsoft directx sdk (june 2010)\include\dxgitype.h(27): warning C4005: 'DXGI_ERROR_DEVICE_RESET' : macro redefinition
                 C:\Program Files (x86)\Windows Kits\8.1\Include\shared\winerror.h(50216) : see previous definition of 'DXGI_ERROR_DEVICE_RESET'
     1>c:\program files (x86)\microsoft directx sdk (june 2010)\include\dxgitype.h(28): warning C4005: 'DXGI_ERROR_WAS_STILL_DRAWING' : macro redefinition
                 C:\Program Files (x86)\Windows Kits\8.1\Include\shared\winerror.h(50225) : see previous definition of 'DXGI_ERROR_WAS_STILL_DRAWING'
     1>c:\program files (x86)\microsoft directx sdk (june 2010)\include\dxgitype.h(29): warning C4005: 'DXGI_ERROR_FRAME_STATISTICS_DISJOINT' : macro redefinition
                 C:\Program Files (x86)\Windows Kits\8.1\Include\shared\winerror.h(50235) : see previous definition of 'DXGI_ERROR_FRAME_STATISTICS_DISJOINT'
     1>c:\program files (x86)\microsoft directx sdk (june 2010)\include\dxgitype.h(30): warning C4005: 'DXGI_ERROR_GRAPHICS_VIDPN_SOURCE_IN_USE' : macro redefinition
                 C:\Program Files (x86)\Windows Kits\8.1\Include\shared\winerror.h(50244) : see previous definition of 'DXGI_ERROR_GRAPHICS_VIDPN_SOURCE_IN_USE'
     1>c:\program files (x86)\microsoft directx sdk (june 2010)\include\dxgitype.h(31): warning C4005: 'DXGI_ERROR_DRIVER_INTERNAL_ERROR' : macro redefinition
                 C:\Program Files (x86)\Windows Kits\8.1\Include\shared\winerror.h(50254) : see previous definition of 'DXGI_ERROR_DRIVER_INTERNAL_ERROR'
     1>c:\program files (x86)\microsoft directx sdk (june 2010)\include\dxgitype.h(32): warning C4005: 'DXGI_ERROR_NONEXCLUSIVE' : macro redefinition
                 C:\Program Files (x86)\Windows Kits\8.1\Include\shared\winerror.h(50263) : see previous definition of 'DXGI_ERROR_NONEXCLUSIVE'
     1>c:\program files (x86)\microsoft directx sdk (june 2010)\include\dxgitype.h(33): warning C4005: 'DXGI_ERROR_NOT_CURRENTLY_AVAILABLE' : macro redefinition
                 C:\Program Files (x86)\Windows Kits\8.1\Include\shared\winerror.h(50272) : see previous definition of 'DXGI_ERROR_NOT_CURRENTLY_AVAILABLE'
     1>c:\program files (x86)\microsoft directx sdk (june 2010)\include\dxgitype.h(34): warning C4005: 'DXGI_ERROR_REMOTE_CLIENT_DISCONNECTED' : macro redefinition
                 C:\Program Files (x86)\Windows Kits\8.1\Include\shared\winerror.h(50282) : see previous definition of 'DXGI_ERROR_REMOTE_CLIENT_DISCONNECTED'
     1>c:\program files (x86)\microsoft directx sdk (june 2010)\include\dxgitype.h(35): warning C4005: 'DXGI_ERROR_REMOTE_OUTOFMEMORY' : macro redefinition
                 C:\Program Files (x86)\Windows Kits\8.1\Include\shared\winerror.h(50291) : see previous definition of 'DXGI_ERROR_REMOTE_OUTOFMEMORY'
     1>C:\Program Files (x86)\Microsoft DirectX SDK (June 2010)\Include\d3d11.h(917): warning C4005: 'D3D11_ERROR_TOO_MANY_UNIQUE_STATE_OBJECTS' : macro redefinition
                 C:\Program Files (x86)\Windows Kits\8.1\Include\shared\winerror.h(50469) : see previous definition of 'D3D11_ERROR_TOO_MANY_UNIQUE_STATE_OBJECTS'
     1>C:\Program Files (x86)\Microsoft DirectX SDK (June 2010)\Include\d3d11.h(918): warning C4005: 'D3D11_ERROR_FILE_NOT_FOUND' : macro redefinition
                 C:\Program Files (x86)\Windows Kits\8.1\Include\shared\winerror.h(50478) : see previous definition of 'D3D11_ERROR_FILE_NOT_FOUND'
     1>C:\Program Files (x86)\Microsoft DirectX SDK (June 2010)\Include\d3d11.h(919): warning C4005: 'D3D11_ERROR_TOO_MANY_UNIQUE_VIEW_OBJECTS' : macro redefinition
                 C:\Program Files (x86)\Windows Kits\8.1\Include\shared\winerror.h(50488) : see previous definition of 'D3D11_ERROR_TOO_MANY_UNIQUE_VIEW_OBJECTS'
     1>C:\Program Files (x86)\Microsoft DirectX SDK (June 2010)\Include\d3d11.h(920): warning C4005: 'D3D11_ERROR_DEFERRED_CONTEXT_MAP_WITHOUT_INITIAL_DISCARD' : macro redefinition
                 C:\Program Files (x86)\Windows Kits\8.1\Include\shared\winerror.h(50497) : see previous definition of 'D3D11_ERROR_DEFERRED_CONTEXT_MAP_WITHOUT_INITIAL_DISCARD'
     1>c:\program files (x86)\microsoft directx sdk (june 2010)\include\d3d10.h(608): warning C4005: 'D3D10_ERROR_TOO_MANY_UNIQUE_STATE_OBJECTS' : macro redefinition
                 C:\Program Files (x86)\Windows Kits\8.1\Include\shared\winerror.h(50445) : see previous definition of 'D3D10_ERROR_TOO_MANY_UNIQUE_STATE_OBJECTS'
     1>c:\program files (x86)\microsoft directx sdk (june 2010)\include\d3d10.h(609): warning C4005: 'D3D10_ERROR_FILE_NOT_FOUND' : macro redefinition
                 C:\Program Files (x86)\Windows Kits\8.1\Include\shared\winerror.h(50454) : see previous definition of 'D3D10_ERROR_FILE_NOT_FOUND'
         C:\Program Files (x86)\Microsoft DirectX SDK (June 2010)\Include\dinput.h: DIRECTINPUT_VERSION undefined. Defaulting to version 0x0800
     1>c:\users\qba\documents\studia magisterskie\semestr_2\pusn\symulatorfrezarki3c\src\heightMap.h(42): warning C4305: 'initializing' : truncation from 'double' to 'float'
     1>c:\users\qba\documents\studia magisterskie\semestr_2\pusn\symulatorfrezarki3c\src\gk2_scene.h(102): warning C4244: 'argument' : conversion from 'double' to 'FLOAT', possible loss of data
       Link:
         C:\Program Files (x86)\Microsoft Visual Studio 12.0\VC\bin\link.exe /ERRORREPORT:PROMPT /OUT:"C:\Users\Qba\Documents\Studia magisterskie\semestr_2\PUSN\SymulatorFrezarki3C\Release\SymulatorFrezarki.exe" /NOLOGO /LIBPATH:"C:\Program Files (x86)\Microsoft DirectX SDK (June 2010)\Lib\x86" /LIBPATH:../ven/AntTweakBar/lib /LIBPATH:../ven/AntTweakBar/lib/debug d3d11.lib d3dx11.lib dxerr.lib dinput8.lib dxguid.lib kernel32.lib user32.lib gdi32.lib winspool.lib comdlg32.lib advapi32.lib shell32.lib ole32.lib oleaut32.lib uuid.lib odbc32.lib odbccp32.lib /MANIFEST /MANIFESTUAC:"level='asInvoker' uiAccess='false'" /manifest:embed /DEBUG /PDB:"C:\Users\Qba\Documents\Studia magisterskie\semestr_2\PUSN\SymulatorFrezarki3C\Release\SymulatorFrezarki.pdb" /SUBSYSTEM:WINDOWS /OPT:REF /OPT:ICF /LTCG /TLBID:1 /DYNAMICBASE /NXCOMPAT /IMPLIB:"C:\Users\Qba\Documents\Studia magisterskie\semestr_2\PUSN\SymulatorFrezarki3C\Release\SymulatorFrezarki.lib" /MACHINE:X86 /SAFESEH Release\fileReader.obj
         Release\gk2_applicationBase.obj
         Release\gk2_butterfly.obj
         Release\gk2_camera.obj
         Release\gk2_constantBuffer.obj
         Release\gk2_coordinateSystem.obj
         Release\gk2_deviceHelper.obj
         Release\gk2_effectBase.obj
         Release\gk2_exceptions.obj
         Release\gk2_input.obj
         Release\gk2_lightShadowEffect.obj
         Release\gk2_particles.obj
         Release\gk2_phongEffect.obj
         Release\gk2_scene.obj
         Release\gk2_utils.obj
         Release\gk2_vertices.obj
         Release\gk2_window.obj
         Release\heightMap.obj
         Release\main.obj
         Release\miller.obj
         Release\modelclass.obj
         Release\service.obj
         Generating code
         Finished generating code
         SymulatorFrezarki.vcxproj -> C:\Users\Qba\Documents\Studia magisterskie\semestr_2\PUSN\SymulatorFrezarki3C\Release\SymulatorFrezarki.exe
     1>Done Building Project "C:\Users\Qba\Documents\Studia magisterskie\semestr_2\PUSN\SymulatorFrezarki3C\src\SymulatorFrezarki.vcxproj" (Build target(s)).

Build succeeded.

Time Elapsed 00:00:05.10
